Unity Editor version:    2021.3.7f1 (24e8595d6d43)
Branch:                  2021.3/staging
Build type:              Release
Batch mode:              YES
macOS version:           Version 12.3.1 (Build 21E258)
Darwin version:          21.4.0
Architecture:            x86_64
Running under Rosetta:   YES
Available memory:        16384 MB
Using pre-set license
Pro License: YES

COMMAND LINE ARGUMENTS:
/Applications/Unity/Hub/Editor/2021.3.7f1/Unity.app/Contents/MacOS/Unity
-adb2
-batchMode
-noUpm
-name
AssetImportWorker0
-projectPath
/Users/valkhymenko/Desktop/Projects/PatronProject/PatronProject
-logFile
Logs/AssetImportWorker0.log
-srvPort
52492
Successfully changed project path to: /Users/valkhymenko/Desktop/Projects/PatronProject/PatronProject
/Users/valkhymenko/Desktop/Projects/PatronProject/PatronProject
[UnityMemory] Configuration Parameters - Can be set up in boot.config
    "memorysetup-bucket-allocator-granularity=16"
    "memorysetup-bucket-allocator-bucket-count=8"
    "memorysetup-bucket-allocator-block-size=33554432"
    "memorysetup-bucket-allocator-block-count=8"
    "memorysetup-main-allocator-block-size=16777216"
    "memorysetup-thread-allocator-block-size=16777216"
    "memorysetup-gfx-main-allocator-block-size=16777216"
    "memorysetup-gfx-thread-allocator-block-size=16777216"
    "memorysetup-cache-allocator-block-size=4194304"
    "memorysetup-typetree-allocator-block-size=2097152"
    "memorysetup-profiler-bucket-allocator-granularity=16"
    "memorysetup-profiler-bucket-allocator-bucket-count=8"
    "memorysetup-profiler-bucket-allocator-block-size=33554432"
    "memorysetup-profiler-bucket-allocator-block-count=8"
    "memorysetup-profiler-allocator-block-size=16777216"
    "memorysetup-profiler-editor-allocator-block-size=1048576"
    "memorysetup-temp-allocator-size-main=16777216"
    "memorysetup-job-temp-allocator-block-size=2097152"
    "memorysetup-job-temp-allocator-block-size-background=1048576"
    "memorysetup-job-temp-allocator-reduction-small-platforms=262144"
    "memorysetup-temp-allocator-size-background-worker=32768"
    "memorysetup-temp-allocator-size-job-worker=262144"
    "memorysetup-temp-allocator-size-preload-manager=33554432"
    "memorysetup-temp-allocator-size-nav-mesh-worker=65536"
    "memorysetup-temp-allocator-size-audio-worker=65536"
    "memorysetup-temp-allocator-size-cloud-worker=32768"
    "memorysetup-temp-allocator-size-gi-baking-worker=262144"
    "memorysetup-temp-allocator-size-gfx=262144"
Refreshing native plugins compatible for Editor in 187.02 ms, found 2 plugins.
Preloading 0 native plugins for Editor in 0.00 ms.
Initialize engine version: 2021.3.7f1 (24e8595d6d43)
[Subsystems] Discovering subsystems at path /Applications/Unity/Hub/Editor/2021.3.7f1/Unity.app/Contents/Resources/UnitySubsystems
[Subsystems] Discovering subsystems at path /Users/valkhymenko/Desktop/Projects/PatronProject/PatronProject/Assets
GfxDevice: creating device client; threaded=0; jobified=0
 preferred device: Apple M1 Pro (high power)
Metal devices available: 1
0: Apple M1 Pro (high power)
Using device Apple M1 Pro (high power)
Initializing Metal device caps: Apple M1 Pro
Shader 'MoreMountains/MMRipple': fallback shader 'Particle/AlphaBlended' not found
Initialize mono
Mono path[0] = '/Applications/Unity/Hub/Editor/2021.3.7f1/Unity.app/Contents/Managed'
Mono path[1] = '/Applications/Unity/Hub/Editor/2021.3.7f1/Unity.app/Contents/MonoBleedingEdge/lib/mono/unityjit-macos'
Mono config path = '/Applications/Unity/Hub/Editor/2021.3.7f1/Unity.app/Contents/MonoBleedingEdge/etc'
Using monoOptions --debugger-agent=transport=dt_socket,embedding=1,server=y,suspend=n,address=127.0.0.1:56139
Begin MonoManager ReloadAssembly
Registering precompiled unity dll's ...
Register platform support module: /Applications/Unity/Hub/Editor/2021.3.7f1/Unity.app/Contents/PlaybackEngines/MacStandaloneSupport/UnityEditor.OSXStandalone.Extensions.dll
Register platform support module: /Applications/Unity/Hub/Editor/2021.3.7f1/PlaybackEngines/AndroidPlayer/UnityEditor.Android.Extensions.dll
Registered in 0.001958 seconds.
Native extension for Android target not found
Native extension for OSXStandalone target not found
Refreshing native plugins compatible for Editor in 195.67 ms, found 2 plugins.
Preloading 0 native plugins for Editor in 0.00 ms.
Mono: successfully reloaded assembly
- Completed reload, in  2.068 seconds
Domain Reload Profiling:
	ReloadAssembly (2069ms)
		BeginReloadAssembly (162ms)
			ExecutionOrderSort (0ms)
			DisableScriptedObjects (0ms)
			BackupInstance (0ms)
			ReleaseScriptingObjects (0ms)
			CreateAndSetChildDomain (3ms)
		EndReloadAssembly (1591ms)
			LoadAssemblies (161ms)
			RebuildTransferFunctionScriptingTraits (0ms)
			SetupTypeCache (150ms)
			ReleaseScriptCaches (0ms)
			RebuildScriptCaches (39ms)
			SetupLoadedEditorAssemblies (1192ms)
				LogAssemblyErrors (0ms)
				InitializePlatformSupportModulesInManaged (259ms)
				SetLoadedEditorAssemblies (1ms)
				RefreshPlugins (196ms)
				BeforeProcessingInitializeOnLoad (5ms)
				ProcessInitializeOnLoadAttributes (432ms)
				ProcessInitializeOnLoadMethodAttributes (299ms)
				AfterProcessingInitializeOnLoad (0ms)
				EditorAssembliesLoaded (1ms)
			ExecutionOrderSort2 (0ms)
			AwakeInstancesAfterBackupRestoration (0ms)
Platform modules already initialized, skipping
Registering precompiled user dll's ...
Registered in 0.006625 seconds.
Begin MonoManager ReloadAssembly
Symbol file LoadedFromMemory doesn't match image /Users/valkhymenko/Desktop/Projects/PatronProject/PatronProject/Library/PackageCache/com.unity.visualscripting@1.7.8/Editor/VisualScripting.Core/Dependencies/YamlDotNet/Unity.VisualScripting.YamlDotNet.dll
Symbol file LoadedFromMemory doesn't match image /Users/valkhymenko/Desktop/Projects/PatronProject/PatronProject/Library/PackageCache/com.unity.visualscripting@1.7.8/Editor/VisualScripting.Core/Dependencies/DotNetZip/Unity.VisualScripting.IonicZip.dll
Native extension for Android target not found
Native extension for OSXStandalone target not found
Refreshing native plugins compatible for Editor in 1.71 ms, found 2 plugins.
Preloading 0 native plugins for Editor in 0.00 ms.
Mono: successfully reloaded assembly
- Completed reload, in  3.658 seconds
Domain Reload Profiling:
	ReloadAssembly (3661ms)
		BeginReloadAssembly (498ms)
			ExecutionOrderSort (0ms)
			DisableScriptedObjects (96ms)
			BackupInstance (0ms)
			ReleaseScriptingObjects (0ms)
			CreateAndSetChildDomain (160ms)
		EndReloadAssembly (2852ms)
			LoadAssemblies (203ms)
			RebuildTransferFunctionScriptingTraits (1ms)
			SetupTypeCache (432ms)
			ReleaseScriptCaches (7ms)
			RebuildScriptCaches (114ms)
			SetupLoadedEditorAssemblies (1904ms)
				LogAssemblyErrors (0ms)
				InitializePlatformSupportModulesInManaged (83ms)
				SetLoadedEditorAssemblies (2ms)
				RefreshPlugins (2ms)
				BeforeProcessingInitializeOnLoad (211ms)
				ProcessInitializeOnLoadAttributes (1430ms)
				ProcessInitializeOnLoadMethodAttributes (175ms)
				AfterProcessingInitializeOnLoad (1ms)
				EditorAssembliesLoaded (1ms)
			ExecutionOrderSort2 (0ms)
			AwakeInstancesAfterBackupRestoration (13ms)
Platform modules already initialized, skipping
========================================================================
Worker process is ready to serve import requests
Shader 'MoreMountains/MMRipple': fallback shader 'Particle/AlphaBlended' not found
Launching external process: /Applications/Unity/Hub/Editor/2021.3.7f1/Unity.app/Contents/Tools/UnityShaderCompiler
Launched and connected shader compiler UnityShaderCompiler after 0.10 seconds
Refreshing native plugins compatible for Editor in 1.77 ms, found 2 plugins.
Preloading 0 native plugins for Editor in 0.00 ms.
Unloading 4852 Unused Serialized files (Serialized files now loaded: 0)
Unloading 45 unused Assets / (1.4 MB). Loaded Objects now: 5302.
Memory consumption went from 391.0 MB to 389.6 MB.
Total: 4.357875 ms (FindLiveObjects: 0.357291 ms CreateObjectMapping: 0.138375 ms MarkObjects: 3.432500 ms  DeleteObjects: 0.428792 ms)

AssetImportParameters requested are different than current active one (requested -> active):
  custom:video-decoder-ogg-theora: a1e56fd34408186e4bbccfd4996cb3dc -> 
  custom:container-muxer-webm: aa71ff27fc2769a1b78a27578f13a17b -> 
  custom:container-demuxer-webm: 4f35f7cbe854078d1ac9338744f61a02 -> 
  custom:video-encoder-webm-vp8: eb34c28f22e8b96e1ab97ce403110664 -> 
  custom:framework-osx-AVFoundation: e770b220cccbd017edd2c1fefb359320 -> 
  custom:audio-encoder-webm-vorbis: bf7c407c2cedff20999df2af8eb42d56 -> 
  custom:container-demuxer-ogg: 62fdf1f143b41e24485cea50d1cbac27 -> 
  custom:video-decoder-webm-vp8: 9c59270c3fd7afecdb556c50c9e8de78 -> 
  custom:audio-decoder-ogg-vorbis: bf7c407c2cedff20999df2af8eb42d56 -> 
========================================================================
Received Import Request.
  Time since last request: 32936.735682 seconds.
  path: Assets/polyperfect
  artifactKey: Guid(729a3af474adafb4b80d1dcccec0e9fb) Importer(815301076,1909f56bfc062723c751e8b465ee728b)
Start importing Assets/polyperfect using Guid(729a3af474adafb4b80d1dcccec0e9fb) Importer(815301076,1909f56bfc062723c751e8b465ee728b)  -> (artifact id: '8ee9ae5b5d70bd6ad7d4b747a76249d0') in 0.011286 seconds 
========================================================================
Received Import Request.
  Time since last request: 4.911407 seconds.
  path: Assets/polyperfect/Low Poly Ultimate Pack/R E A D M E.pdf
  artifactKey: Guid(fce20f300dd71448dbae6735f466dd14) Importer(815301076,1909f56bfc062723c751e8b465ee728b)
Start importing Assets/polyperfect/Low Poly Ultimate Pack/R E A D M E.pdf using Guid(fce20f300dd71448dbae6735f466dd14) Importer(815301076,1909f56bfc062723c751e8b465ee728b)  -> (artifact id: '56d9491ac9c3f3f0028bb5c530a43099') in 0.157292 seconds 
========================================================================
Received Prepare
Registering precompiled user dll's ...
Registered in 0.002377 seconds.
Begin MonoManager ReloadAssembly
Symbol file LoadedFromMemory doesn't match image /Users/valkhymenko/Desktop/Projects/PatronProject/PatronProject/Library/PackageCache/com.unity.visualscripting@1.7.8/Editor/VisualScripting.Core/Dependencies/YamlDotNet/Unity.VisualScripting.YamlDotNet.dll
Symbol file LoadedFromMemory doesn't match image /Users/valkhymenko/Desktop/Projects/PatronProject/PatronProject/Library/PackageCache/com.unity.visualscripting@1.7.8/Editor/VisualScripting.Core/Dependencies/DotNetZip/Unity.VisualScripting.IonicZip.dll
Native extension for Android target not found
Native extension for OSXStandalone target not found
Refreshing native plugins compatible for Editor in 1.69 ms, found 2 plugins.
Preloading 0 native plugins for Editor in 0.00 ms.
Mono: successfully reloaded assembly
- Completed reload, in  3.484 seconds
Domain Reload Profiling:
	ReloadAssembly (3486ms)
		BeginReloadAssembly (479ms)
			ExecutionOrderSort (0ms)
			DisableScriptedObjects (57ms)
			BackupInstance (0ms)
			ReleaseScriptingObjects (0ms)
			CreateAndSetChildDomain (154ms)
		EndReloadAssembly (2683ms)
			LoadAssemblies (207ms)
			RebuildTransferFunctionScriptingTraits (0ms)
			SetupTypeCache (429ms)
			ReleaseScriptCaches (2ms)
			RebuildScriptCaches (61ms)
			SetupLoadedEditorAssemblies (1784ms)
				LogAssemblyErrors (0ms)
				InitializePlatformSupportModulesInManaged (83ms)
				SetLoadedEditorAssemblies (1ms)
				RefreshPlugins (2ms)
				BeforeProcessingInitializeOnLoad (177ms)
				ProcessInitializeOnLoadAttributes (1335ms)
				ProcessInitializeOnLoadMethodAttributes (184ms)
				AfterProcessingInitializeOnLoad (1ms)
				EditorAssembliesLoaded (1ms)
			ExecutionOrderSort2 (0ms)
			AwakeInstancesAfterBackupRestoration (17ms)
Platform modules already initialized, skipping
Shader 'MoreMountains/MMRipple': fallback shader 'Particle/AlphaBlended' not found
Refreshing native plugins compatible for Editor in 3.02 ms, found 2 plugins.
Preloading 0 native plugins for Editor in 0.00 ms.
Unloading 4789 Unused Serialized files (Serialized files now loaded: 0)
Unloading 34 unused Assets / (1.4 MB). Loaded Objects now: 5305.
Memory consumption went from 389.1 MB to 387.8 MB.
Total: 4.407542 ms (FindLiveObjects: 0.343583 ms CreateObjectMapping: 0.123583 ms MarkObjects: 3.673500 ms  DeleteObjects: 0.265708 ms)

AssetImportParameters requested are different than current active one (requested -> active):
  custom:video-decoder-ogg-theora: a1e56fd34408186e4bbccfd4996cb3dc -> 
  custom:container-muxer-webm: aa71ff27fc2769a1b78a27578f13a17b -> 
  custom:container-demuxer-webm: 4f35f7cbe854078d1ac9338744f61a02 -> 
  custom:video-encoder-webm-vp8: eb34c28f22e8b96e1ab97ce403110664 -> 
  custom:framework-osx-AVFoundation: e770b220cccbd017edd2c1fefb359320 -> 
  custom:audio-encoder-webm-vorbis: bf7c407c2cedff20999df2af8eb42d56 -> 
  custom:container-demuxer-ogg: 62fdf1f143b41e24485cea50d1cbac27 -> 
  custom:video-decoder-webm-vp8: 9c59270c3fd7afecdb556c50c9e8de78 -> 
  custom:audio-decoder-ogg-vorbis: bf7c407c2cedff20999df2af8eb42d56 -> 
========================================================================
Received Import Request.
  Time since last request: 29.316793 seconds.
  path: Assets/polyperfect/Low Poly Ultimate Pack/T
  artifactKey: Guid(2e59ba9261fac01489c67d5dcbf7fd68) Importer(815301076,1909f56bfc062723c751e8b465ee728b)
Start importing Assets/polyperfect/Low Poly Ultimate Pack/T using Guid(2e59ba9261fac01489c67d5dcbf7fd68) Importer(815301076,1909f56bfc062723c751e8b465ee728b)  -> (artifact id: '7217946c9682d2151910d19ac5387ae8') in 0.015159 seconds 
========================================================================
Received Import Request.
  Time since last request: 2.079796 seconds.
  path: Assets/polyperfect/Low Poly Ultimate Pack/T/- Prefabs_T
  artifactKey: Guid(8e0a5959e69644965a3824e06ecf71ae) Importer(815301076,1909f56bfc062723c751e8b465ee728b)
Start importing Assets/polyperfect/Low Poly Ultimate Pack/T/- Prefabs_T using Guid(8e0a5959e69644965a3824e06ecf71ae) Importer(815301076,1909f56bfc062723c751e8b465ee728b)  -> (artifact id: '085c370e620b54595566eaf339f7f7f8') in 0.001794 seconds 
========================================================================
Received Import Request.
  Time since last request: 0.836469 seconds.
  path: Assets/polyperfect/Low Poly Ultimate Pack/T/- Prefabs_T/Apocalypse_T
  artifactKey: Guid(b0ff87d7953d34ffbb3382c4e09d686c) Importer(815301076,1909f56bfc062723c751e8b465ee728b)
Start importing Assets/polyperfect/Low Poly Ultimate Pack/T/- Prefabs_T/Apocalypse_T using Guid(b0ff87d7953d34ffbb3382c4e09d686c) Importer(815301076,1909f56bfc062723c751e8b465ee728b)  -> (artifact id: 'cd7e0b4375d13d1b4197cde289d95285') in 0.002664 seconds 
========================================================================
Received Import Request.
  Time since last request: 3.896941 seconds.
  path: Assets/polyperfect/Low Poly Ultimate Pack/T/- Prefabs_T/Apocalypse_T/fence-wire.prefab
  artifactKey: Guid(56a61eccef3f74472bf1d8bd75cc4669) Importer(815301076,1909f56bfc062723c751e8b465ee728b)
Start importing Assets/polyperfect/Low Poly Ultimate Pack/T/- Prefabs_T/Apocalypse_T/fence-wire.prefab using Guid(56a61eccef3f74472bf1d8bd75cc4669) Importer(815301076,1909f56bfc062723c751e8b465ee728b)  -> (artifact id: 'e1a575a92569006ca4a3f97638f13ce9') in 0.925920 seconds 
========================================================================
Received Import Request.
  Time since last request: 0.090212 seconds.
  path: Assets/polyperfect/Low Poly Ultimate Pack/T/- Prefabs_T/Apocalypse_T/crate-supply.prefab
  artifactKey: Guid(ef9ce9e71f9c842deb423b67ce619bac) Importer(815301076,1909f56bfc062723c751e8b465ee728b)
Start importing Assets/polyperfect/Low Poly Ultimate Pack/T/- Prefabs_T/Apocalypse_T/crate-supply.prefab using Guid(ef9ce9e71f9c842deb423b67ce619bac) Importer(815301076,1909f56bfc062723c751e8b465ee728b)  -> (artifact id: 'adb7ef2faf60faf1cd310c3a38038a7e') in 0.021587 seconds 
========================================================================
Received Import Request.
  Time since last request: 1.174741 seconds.
  path: Assets/polyperfect/Low Poly Ultimate Pack/T/- Prefabs_T/Apocalypse_T/car-broken.prefab
  artifactKey: Guid(efe9d543c2ae84b788677c86878a94a3) Importer(815301076,1909f56bfc062723c751e8b465ee728b)
Start importing Assets/polyperfect/Low Poly Ultimate Pack/T/- Prefabs_T/Apocalypse_T/car-broken.prefab using Guid(efe9d543c2ae84b788677c86878a94a3) Importer(815301076,1909f56bfc062723c751e8b465ee728b)  -> (artifact id: '19ce2421fda25de4c9e415b6d2dc3030') in 0.011257 seconds 
========================================================================
Received Import Request.
  Time since last request: 0.593471 seconds.
  path: Assets/polyperfect/Low Poly Ultimate Pack/T/- Prefabs_T/Apocalypse_T/blood-spill.prefab
  artifactKey: Guid(e400d313cecaa4ee189a9f39dc137d59) Importer(815301076,1909f56bfc062723c751e8b465ee728b)
Start importing Assets/polyperfect/Low Poly Ultimate Pack/T/- Prefabs_T/Apocalypse_T/blood-spill.prefab using Guid(e400d313cecaa4ee189a9f39dc137d59) Importer(815301076,1909f56bfc062723c751e8b465ee728b)  -> (artifact id: '6cf7205e18b189ee3afba14bc2dc8890') in 0.010496 seconds 
========================================================================
Received Import Request.
  Time since last request: 0.653409 seconds.
  path: Assets/polyperfect/Low Poly Ultimate Pack/T/- Prefabs_T/Apocalypse_T/barrier-concrete.prefab
  artifactKey: Guid(756b79cb808cc4a7a933d2adf330571d) Importer(815301076,1909f56bfc062723c751e8b465ee728b)
Start importing Assets/polyperfect/Low Poly Ultimate Pack/T/- Prefabs_T/Apocalypse_T/barrier-concrete.prefab using Guid(756b79cb808cc4a7a933d2adf330571d) Importer(815301076,1909f56bfc062723c751e8b465ee728b)  -> (artifact id: '10108a97814ae961c71a038f2ab80b44') in 0.010353 seconds 
========================================================================
Received Import Request.
  Time since last request: 0.583962 seconds.
  path: Assets/polyperfect/Low Poly Ultimate Pack/T/- Prefabs_T/Apocalypse_T/barricade-window.prefab
  artifactKey: Guid(db962abe20ec445e785ad905b847485c) Importer(815301076,1909f56bfc062723c751e8b465ee728b)
Start importing Assets/polyperfect/Low Poly Ultimate Pack/T/- Prefabs_T/Apocalypse_T/barricade-window.prefab using Guid(db962abe20ec445e785ad905b847485c) Importer(815301076,1909f56bfc062723c751e8b465ee728b)  -> (artifact id: '245ef5a6660feabd70fc9ec4d01376a5') in 0.010250 seconds 
========================================================================
Received Import Request.
  Time since last request: 23.553219 seconds.
  path: Assets/polyperfect/Low Poly Ultimate Pack/01 - All Models.unity
  artifactKey: Guid(4259eda1b3dbc2c44bf45cc4786cc4c6) Importer(815301076,1909f56bfc062723c751e8b465ee728b)
Start importing Assets/polyperfect/Low Poly Ultimate Pack/01 - All Models.unity using Guid(4259eda1b3dbc2c44bf45cc4786cc4c6) Importer(815301076,1909f56bfc062723c751e8b465ee728b)  -> (artifact id: '4bb53c78905b09c60cc3317da6b402ad') in 0.001787 seconds 
========================================================================
Received Import Request.
  Time since last request: 23.936605 seconds.
  path: Assets/polyperfect/Low Poly Ultimate Pack/- Textures
  artifactKey: Guid(d3665f9b7d75b4045bdb8d7c1eb5b4e1) Importer(815301076,1909f56bfc062723c751e8b465ee728b)
Start importing Assets/polyperfect/Low Poly Ultimate Pack/- Textures using Guid(d3665f9b7d75b4045bdb8d7c1eb5b4e1) Importer(815301076,1909f56bfc062723c751e8b465ee728b)  -> (artifact id: '253f5b134a94fb97fd752646b327ba8c') in 0.001301 seconds 
========================================================================
Received Import Request.
  Time since last request: 3.925430 seconds.
  path: Assets/polyperfect/Low Poly Ultimate Pack/- Materials
  artifactKey: Guid(6ea7bbb3875284249b8749c977aa8912) Importer(815301076,1909f56bfc062723c751e8b465ee728b)
Start importing Assets/polyperfect/Low Poly Ultimate Pack/- Materials using Guid(6ea7bbb3875284249b8749c977aa8912) Importer(815301076,1909f56bfc062723c751e8b465ee728b)  -> (artifact id: 'd40f93f13aeb6f6466eaf24298c3d5b7') in 0.001253 seconds 
========================================================================
Received Import Request.
  Time since last request: 7.626084 seconds.
  path: Assets/polyperfect/Low Poly Ultimate Pack/M/- Prefabs_M
  artifactKey: Guid(6b4690c5264fb4917ba54d7e336f6d2e) Importer(815301076,1909f56bfc062723c751e8b465ee728b)
Start importing Assets/polyperfect/Low Poly Ultimate Pack/M/- Prefabs_M using Guid(6b4690c5264fb4917ba54d7e336f6d2e) Importer(815301076,1909f56bfc062723c751e8b465ee728b)  -> (artifact id: 'a772a6ac7811435147200f816c311bd2') in 0.003525 seconds 
========================================================================
Received Import Request.
  Time since last request: 0.890094 seconds.
  path: Assets/polyperfect/Low Poly Ultimate Pack/M/- Prefabs_M/Apocalypse_M
  artifactKey: Guid(63e1294add1044fefac7cc28c593c0f2) Importer(815301076,1909f56bfc062723c751e8b465ee728b)
Start importing Assets/polyperfect/Low Poly Ultimate Pack/M/- Prefabs_M/Apocalypse_M using Guid(63e1294add1044fefac7cc28c593c0f2) Importer(815301076,1909f56bfc062723c751e8b465ee728b)  -> (artifact id: '39600b1608486e8f56c55a44e83b6320') in 0.000927 seconds 
========================================================================
Received Import Request.
  Time since last request: 23.780537 seconds.
  path: Assets/Scenes
  artifactKey: Guid(6ea315d0fd7389c41b19996891e99ae3) Importer(815301076,1909f56bfc062723c751e8b465ee728b)
Start importing Assets/Scenes using Guid(6ea315d0fd7389c41b19996891e99ae3) Importer(815301076,1909f56bfc062723c751e8b465ee728b)  -> (artifact id: 'b8193726cff86800c54781cdc6d54904') in 0.009589 seconds 
========================================================================
Received Import Request.
  Time since last request: 0.690239 seconds.
  path: Assets/Scenes/SampleScene.unity
  artifactKey: Guid(9fc0d4010bbf28b4594072e72b8655ab) Importer(815301076,1909f56bfc062723c751e8b465ee728b)
Start importing Assets/Scenes/SampleScene.unity using Guid(9fc0d4010bbf28b4594072e72b8655ab) Importer(815301076,1909f56bfc062723c751e8b465ee728b)  -> (artifact id: 'e55ccaa32d8e5c1de03c07a5412c8c3c') in 0.001593 seconds 
========================================================================
Received Import Request.
  Time since last request: 50.938640 seconds.
  path: Assets/TopDownEngine/Demos/Colonel/Colonel.unity
  artifactKey: Guid(7a42340ee81c11b40a381cee4cacf3c9) Importer(815301076,1909f56bfc062723c751e8b465ee728b)
Start importing Assets/TopDownEngine/Demos/Colonel/Colonel.unity using Guid(7a42340ee81c11b40a381cee4cacf3c9) Importer(815301076,1909f56bfc062723c751e8b465ee728b)  -> (artifact id: '3505bf34b779d62255c3cac6768229d6') in 0.001052 seconds 
========================================================================
Received Import Request.
  Time since last request: 15.137065 seconds.
  path: Assets/TopDownEngine/Demos/Minimal3D
  artifactKey: Guid(f7f7fe5a7fd99644182fd63b8982b6bb) Importer(815301076,1909f56bfc062723c751e8b465ee728b)
Start importing Assets/TopDownEngine/Demos/Minimal3D using Guid(f7f7fe5a7fd99644182fd63b8982b6bb) Importer(815301076,1909f56bfc062723c751e8b465ee728b)  -> (artifact id: 'c2823b075928eeec6d8833ab870cd27f') in 0.001564 seconds 
========================================================================
Received Import Request.
  Time since last request: 13.307103 seconds.
  path: Assets/TopDownEngine/Demos/Explodudes
  artifactKey: Guid(4bcdfb459298beb4d80f9feb5088226f) Importer(815301076,1909f56bfc062723c751e8b465ee728b)
Start importing Assets/TopDownEngine/Demos/Explodudes using Guid(4bcdfb459298beb4d80f9feb5088226f) Importer(815301076,1909f56bfc062723c751e8b465ee728b)  -> (artifact id: 'a5ec9e5656430ec1e90266e06dc19d4f') in 0.002315 seconds 
========================================================================
Received Import Request.
  Time since last request: 1.625353 seconds.
  path: Assets/TopDownEngine/Demos/Explodudes/Explodudes.unity
  artifactKey: Guid(4717b9e5ed1ef29459a10adde3e7ae66) Importer(815301076,1909f56bfc062723c751e8b465ee728b)
Start importing Assets/TopDownEngine/Demos/Explodudes/Explodudes.unity using Guid(4717b9e5ed1ef29459a10adde3e7ae66) Importer(815301076,1909f56bfc062723c751e8b465ee728b)  -> (artifact id: '84cb28457232cf09b984890eb2711e86') in 0.001978 seconds 
========================================================================
Received Import Request.
  Time since last request: 7.981620 seconds.
  path: Assets/TopDownEngine
  artifactKey: Guid(4647e36c313f24d278821632a8c0e836) Importer(815301076,1909f56bfc062723c751e8b465ee728b)
Start importing Assets/TopDownEngine using Guid(4647e36c313f24d278821632a8c0e836) Importer(815301076,1909f56bfc062723c751e8b465ee728b)  -> (artifact id: '802be253b4307d6c39accb1ef27f3fee') in 0.001292 seconds 
========================================================================
Received Import Request.
  Time since last request: 1.762649 seconds.
  path: Assets/TopDownEngine/Demos
  artifactKey: Guid(af6116fec1514f5594a1ebadfe21645d) Importer(815301076,1909f56bfc062723c751e8b465ee728b)
Start importing Assets/TopDownEngine/Demos using Guid(af6116fec1514f5594a1ebadfe21645d) Importer(815301076,1909f56bfc062723c751e8b465ee728b)  -> (artifact id: '602cdfbde7ece650b960297a990645b5') in 0.001251 seconds 
========================================================================
Received Import Request.
  Time since last request: 6.282255 seconds.
  path: Assets/TopDownEngine/Demos/Minimal2D
  artifactKey: Guid(d95ad6ad695bfe4439098b24ffdeb518) Importer(815301076,1909f56bfc062723c751e8b465ee728b)
Start importing Assets/TopDownEngine/Demos/Minimal2D using Guid(d95ad6ad695bfe4439098b24ffdeb518) Importer(815301076,1909f56bfc062723c751e8b465ee728b)  -> (artifact id: 'f126201acfc242552c75ac27f770e8fc') in 0.001620 seconds 
========================================================================
Received Import Request.
  Time since last request: 2.267358 seconds.
  path: Assets/TopDownEngine/Demos/Minimal2D/MinimalScene2D.unity
  artifactKey: Guid(55ddb45e2869f6e488e05e2d4e442e06) Importer(815301076,1909f56bfc062723c751e8b465ee728b)
Start importing Assets/TopDownEngine/Demos/Minimal2D/MinimalScene2D.unity using Guid(55ddb45e2869f6e488e05e2d4e442e06) Importer(815301076,1909f56bfc062723c751e8b465ee728b)  -> (artifact id: 'ef1799123a9e84ce96f22eeebe30c5b7') in 0.001622 seconds 
========================================================================
Received Import Request.
  Time since last request: 10.430135 seconds.
  path: Assets/TopDownEngine/Demos/Grasslands
  artifactKey: Guid(abd1f74d6115d4743b5344da57a76006) Importer(815301076,1909f56bfc062723c751e8b465ee728b)
Start importing Assets/TopDownEngine/Demos/Grasslands using Guid(abd1f74d6115d4743b5344da57a76006) Importer(815301076,1909f56bfc062723c751e8b465ee728b)  -> (artifact id: '591d1fd8c0f77708fef73adc60c253bf') in 0.001471 seconds 
========================================================================
Received Import Request.
  Time since last request: 0.849795 seconds.
  path: Assets/TopDownEngine/Demos/Grasslands/Grasslands.unity
  artifactKey: Guid(9cd50f8579a65684ebaac5e7cb00ecd3) Importer(815301076,1909f56bfc062723c751e8b465ee728b)
Start importing Assets/TopDownEngine/Demos/Grasslands/Grasslands.unity using Guid(9cd50f8579a65684ebaac5e7cb00ecd3) Importer(815301076,1909f56bfc062723c751e8b465ee728b)  -> (artifact id: '7bd44cdadf1edb7bc386253f771060b6') in 0.002375 seconds 
========================================================================
Received Import Request.
  Time since last request: 8.215545 seconds.
  path: Assets/TopDownEngine/Demos/Loft3D
  artifactKey: Guid(a9263b25fc44943ce8bae8f25b9656bf) Importer(815301076,1909f56bfc062723c751e8b465ee728b)
Start importing Assets/TopDownEngine/Demos/Loft3D using Guid(a9263b25fc44943ce8bae8f25b9656bf) Importer(815301076,1909f56bfc062723c751e8b465ee728b)  -> (artifact id: '9cde4d1741769533437f1c3212ade0b6') in 0.001160 seconds 
========================================================================
Received Import Request.
  Time since last request: 1.207216 seconds.
  path: Assets/TopDownEngine/Demos/Loft3D/Loft3D.unity
  artifactKey: Guid(d1174410a185495439298917edf07eea) Importer(815301076,1909f56bfc062723c751e8b465ee728b)
Start importing Assets/TopDownEngine/Demos/Loft3D/Loft3D.unity using Guid(d1174410a185495439298917edf07eea) Importer(815301076,1909f56bfc062723c751e8b465ee728b)  -> (artifact id: '6f74fbcf37f402177587e190955d049a') in 0.001795 seconds 
========================================================================
Received Prepare
Registering precompiled user dll's ...
Registered in 0.001991 seconds.
Begin MonoManager ReloadAssembly
Symbol file LoadedFromMemory doesn't match image /Users/valkhymenko/Desktop/Projects/PatronProject/PatronProject/Library/PackageCache/com.unity.visualscripting@1.7.8/Editor/VisualScripting.Core/Dependencies/YamlDotNet/Unity.VisualScripting.YamlDotNet.dll
Symbol file LoadedFromMemory doesn't match image /Users/valkhymenko/Desktop/Projects/PatronProject/PatronProject/Library/PackageCache/com.unity.visualscripting@1.7.8/Editor/VisualScripting.Core/Dependencies/DotNetZip/Unity.VisualScripting.IonicZip.dll
Native extension for Android target not found
Native extension for OSXStandalone target not found
Refreshing native plugins compatible for Editor in 1.80 ms, found 2 plugins.
Preloading 0 native plugins for Editor in 0.00 ms.
Mono: successfully reloaded assembly
- Completed reload, in  3.194 seconds
Domain Reload Profiling:
	ReloadAssembly (3196ms)
		BeginReloadAssembly (428ms)
			ExecutionOrderSort (0ms)
			DisableScriptedObjects (45ms)
			BackupInstance (0ms)
			ReleaseScriptingObjects (0ms)
			CreateAndSetChildDomain (150ms)
		EndReloadAssembly (2474ms)
			LoadAssemblies (197ms)
			RebuildTransferFunctionScriptingTraits (0ms)
			SetupTypeCache (408ms)
			ReleaseScriptCaches (1ms)
			RebuildScriptCaches (60ms)
			SetupLoadedEditorAssemblies (1635ms)
				LogAssemblyErrors (0ms)
				InitializePlatformSupportModulesInManaged (96ms)
				SetLoadedEditorAssemblies (2ms)
				RefreshPlugins (2ms)
				BeforeProcessingInitializeOnLoad (162ms)
				ProcessInitializeOnLoadAttributes (1184ms)
				ProcessInitializeOnLoadMethodAttributes (188ms)
				AfterProcessingInitializeOnLoad (1ms)
				EditorAssembliesLoaded (1ms)
			ExecutionOrderSort2 (0ms)
			AwakeInstancesAfterBackupRestoration (14ms)
Platform modules already initialized, skipping
Shader 'MoreMountains/MMRipple': fallback shader 'Particle/AlphaBlended' not found
Refreshing native plugins compatible for Editor in 2.54 ms, found 2 plugins.
Preloading 0 native plugins for Editor in 0.00 ms.
Unloading 4789 Unused Serialized files (Serialized files now loaded: 0)
Unloading 34 unused Assets / (1.4 MB). Loaded Objects now: 5315.
Memory consumption went from 398.7 MB to 397.3 MB.
Total: 3.628584 ms (FindLiveObjects: 0.250834 ms CreateObjectMapping: 0.120084 ms MarkObjects: 2.965459 ms  DeleteObjects: 0.291292 ms)

AssetImportParameters requested are different than current active one (requested -> active):
  custom:video-decoder-ogg-theora: a1e56fd34408186e4bbccfd4996cb3dc -> 
  custom:container-muxer-webm: aa71ff27fc2769a1b78a27578f13a17b -> 
  custom:container-demuxer-webm: 4f35f7cbe854078d1ac9338744f61a02 -> 
  custom:video-encoder-webm-vp8: eb34c28f22e8b96e1ab97ce403110664 -> 
  custom:framework-osx-AVFoundation: e770b220cccbd017edd2c1fefb359320 -> 
  custom:audio-encoder-webm-vorbis: bf7c407c2cedff20999df2af8eb42d56 -> 
  custom:container-demuxer-ogg: 62fdf1f143b41e24485cea50d1cbac27 -> 
  custom:video-decoder-webm-vp8: 9c59270c3fd7afecdb556c50c9e8de78 -> 
  custom:audio-decoder-ogg-vorbis: bf7c407c2cedff20999df2af8eb42d56 -> 
========================================================================
Received Import Request.
  Time since last request: 92.768182 seconds.
  path: Assets/TopDownEngine/Demos/Minimal3D/MinimalSword3D.unity
  artifactKey: Guid(a8bba52c06984564fbf26a7cfc873e39) Importer(815301076,1909f56bfc062723c751e8b465ee728b)
Start importing Assets/TopDownEngine/Demos/Minimal3D/MinimalSword3D.unity using Guid(a8bba52c06984564fbf26a7cfc873e39) Importer(815301076,1909f56bfc062723c751e8b465ee728b)  -> (artifact id: '88e90f46bf1fc53f0868cf1a9f186187') in 0.025836 seconds 
========================================================================
Received Import Request.
  Time since last request: 0.742247 seconds.
  path: Assets/TopDownEngine/Demos/Minimal3D/MinimalScene3D.unity
  artifactKey: Guid(7dd4341e6eb3f384daaf23d76ce07ee2) Importer(815301076,1909f56bfc062723c751e8b465ee728b)
Start importing Assets/TopDownEngine/Demos/Minimal3D/MinimalScene3D.unity using Guid(7dd4341e6eb3f384daaf23d76ce07ee2) Importer(815301076,1909f56bfc062723c751e8b465ee728b)  -> (artifact id: 'a2a08628fc409372823d486fa72f4851') in 0.003326 seconds 
========================================================================
Received Import Request.
  Time since last request: 8.108154 seconds.
  path: Assets/TopDownEngine/Demos/Tanks
  artifactKey: Guid(b8ae91070a2bcfd4382663f0bd1ff3d7) Importer(815301076,1909f56bfc062723c751e8b465ee728b)
Start importing Assets/TopDownEngine/Demos/Tanks using Guid(b8ae91070a2bcfd4382663f0bd1ff3d7) Importer(815301076,1909f56bfc062723c751e8b465ee728b)  -> (artifact id: '26f5fce387f51a5442c5bfbeb7999509') in 0.002217 seconds 
========================================================================
Received Import Request.
  Time since last request: 2.888063 seconds.
  path: Assets/TopDownEngine/Demos/LevelSelection
  artifactKey: Guid(4b087d955886626448bb6dc93454fb27) Importer(815301076,1909f56bfc062723c751e8b465ee728b)
Start importing Assets/TopDownEngine/Demos/LevelSelection using Guid(4b087d955886626448bb6dc93454fb27) Importer(815301076,1909f56bfc062723c751e8b465ee728b)  -> (artifact id: '07b200881c8d606822cc48808392e56e') in 0.001892 seconds 
========================================================================
Received Import Request.
  Time since last request: 2.308774 seconds.
  path: Assets/TopDownEngine/Demos/Koala2D
  artifactKey: Guid(c056a74c6225f8942b314438cd3dc523) Importer(815301076,1909f56bfc062723c751e8b465ee728b)
Start importing Assets/TopDownEngine/Demos/Koala2D using Guid(c056a74c6225f8942b314438cd3dc523) Importer(815301076,1909f56bfc062723c751e8b465ee728b)  -> (artifact id: '286625c4f42c966780065ee1bce721de') in 0.001898 seconds 
========================================================================
Received Import Request.
  Time since last request: 8.609069 seconds.
  path: Assets/TopDownEngine/Demos/StartScreen
  artifactKey: Guid(1738e85012d39aa4baf4c1286440643b) Importer(815301076,1909f56bfc062723c751e8b465ee728b)
Start importing Assets/TopDownEngine/Demos/StartScreen using Guid(1738e85012d39aa4baf4c1286440643b) Importer(815301076,1909f56bfc062723c751e8b465ee728b)  -> (artifact id: '192faca146497e1dec897b992245f124') in 0.001911 seconds 
========================================================================
Received Import Request.
  Time since last request: 2.560813 seconds.
  path: Assets/TopDownEngine/Demos/Colonel
  artifactKey: Guid(1d7fc6d09658ed5478b956b221d316c8) Importer(815301076,1909f56bfc062723c751e8b465ee728b)
Start importing Assets/TopDownEngine/Demos/Colonel using Guid(1d7fc6d09658ed5478b956b221d316c8) Importer(815301076,1909f56bfc062723c751e8b465ee728b)  -> (artifact id: '7bb977fa5ac6a5aa870d9cb7cc2624aa') in 0.001454 seconds 
========================================================================
Received Import Request.
  Time since last request: 1.127779 seconds.
  path: Assets/TopDownEngine/Demos/Colonel/Materials
  artifactKey: Guid(35cc43f697db17c40afc6cbadb2ddac1) Importer(815301076,1909f56bfc062723c751e8b465ee728b)
Start importing Assets/TopDownEngine/Demos/Colonel/Materials using Guid(35cc43f697db17c40afc6cbadb2ddac1) Importer(815301076,1909f56bfc062723c751e8b465ee728b)  -> (artifact id: '411514295962f9cab43e5336f0d1c1a3') in 0.002001 seconds 
========================================================================
Received Prepare
Registering precompiled user dll's ...
Registered in 0.002104 seconds.
Begin MonoManager ReloadAssembly
Symbol file LoadedFromMemory doesn't match image /Users/valkhymenko/Desktop/Projects/PatronProject/PatronProject/Library/PackageCache/com.unity.visualscripting@1.7.8/Editor/VisualScripting.Core/Dependencies/YamlDotNet/Unity.VisualScripting.YamlDotNet.dll
Symbol file LoadedFromMemory doesn't match image /Users/valkhymenko/Desktop/Projects/PatronProject/PatronProject/Library/PackageCache/com.unity.visualscripting@1.7.8/Editor/VisualScripting.Core/Dependencies/DotNetZip/Unity.VisualScripting.IonicZip.dll
Native extension for Android target not found
Native extension for OSXStandalone target not found
Refreshing native plugins compatible for Editor in 1.82 ms, found 2 plugins.
Preloading 0 native plugins for Editor in 0.00 ms.
Mono: successfully reloaded assembly
- Completed reload, in  2.915 seconds
Domain Reload Profiling:
	ReloadAssembly (2924ms)
		BeginReloadAssembly (329ms)
			ExecutionOrderSort (0ms)
			DisableScriptedObjects (40ms)
			BackupInstance (0ms)
			ReleaseScriptingObjects (0ms)
			CreateAndSetChildDomain (91ms)
		EndReloadAssembly (2321ms)
			LoadAssemblies (154ms)
			RebuildTransferFunctionScriptingTraits (0ms)
			SetupTypeCache (404ms)
			ReleaseScriptCaches (1ms)
			RebuildScriptCaches (60ms)
			SetupLoadedEditorAssemblies (1516ms)
				LogAssemblyErrors (0ms)
				InitializePlatformSupportModulesInManaged (75ms)
				SetLoadedEditorAssemblies (2ms)
				RefreshPlugins (2ms)
				BeforeProcessingInitializeOnLoad (166ms)
				ProcessInitializeOnLoadAttributes (1111ms)
				ProcessInitializeOnLoadMethodAttributes (160ms)
				AfterProcessingInitializeOnLoad (1ms)
				EditorAssembliesLoaded (1ms)
			ExecutionOrderSort2 (0ms)
			AwakeInstancesAfterBackupRestoration (12ms)
Platform modules already initialized, skipping
Shader 'MoreMountains/MMRipple': fallback shader 'Particle/AlphaBlended' not found
Refreshing native plugins compatible for Editor in 3.44 ms, found 2 plugins.
Preloading 0 native plugins for Editor in 0.00 ms.
Unloading 4789 Unused Serialized files (Serialized files now loaded: 0)
Unloading 34 unused Assets / (1.4 MB). Loaded Objects now: 5318.
Memory consumption went from 399.3 MB to 397.9 MB.
Total: 3.215750 ms (FindLiveObjects: 0.292584 ms CreateObjectMapping: 0.129375 ms MarkObjects: 2.509708 ms  DeleteObjects: 0.283083 ms)

AssetImportParameters requested are different than current active one (requested -> active):
  custom:video-decoder-ogg-theora: a1e56fd34408186e4bbccfd4996cb3dc -> 
  custom:container-muxer-webm: aa71ff27fc2769a1b78a27578f13a17b -> 
  custom:container-demuxer-webm: 4f35f7cbe854078d1ac9338744f61a02 -> 
  custom:video-encoder-webm-vp8: eb34c28f22e8b96e1ab97ce403110664 -> 
  custom:framework-osx-AVFoundation: e770b220cccbd017edd2c1fefb359320 -> 
  custom:audio-encoder-webm-vorbis: bf7c407c2cedff20999df2af8eb42d56 -> 
  custom:container-demuxer-ogg: 62fdf1f143b41e24485cea50d1cbac27 -> 
  custom:video-decoder-webm-vp8: 9c59270c3fd7afecdb556c50c9e8de78 -> 
  custom:audio-decoder-ogg-vorbis: bf7c407c2cedff20999df2af8eb42d56 -> 
========================================================================
Received Import Request.
  Time since last request: 98.154117 seconds.
  path: Assets/TopDownEngine/Demos/Colonel/Colonel 1.unity
  artifactKey: Guid(ffafef93f26f549e9b8182396bb0e982) Importer(815301076,1909f56bfc062723c751e8b465ee728b)
Start importing Assets/TopDownEngine/Demos/Colonel/Colonel 1.unity using Guid(ffafef93f26f549e9b8182396bb0e982) Importer(815301076,1909f56bfc062723c751e8b465ee728b)  -> (artifact id: '10652bbab7d1d175cccabbd80c7a79d6') in 0.056479 seconds 
========================================================================
Received Import Request.
  Time since last request: 25.805818 seconds.
  path: Assets/Scenes/Main.unity
  artifactKey: Guid(ffafef93f26f549e9b8182396bb0e982) Importer(815301076,1909f56bfc062723c751e8b465ee728b)
Start importing Assets/Scenes/Main.unity using Guid(ffafef93f26f549e9b8182396bb0e982) Importer(815301076,1909f56bfc062723c751e8b465ee728b)  -> (artifact id: 'eebe7b31df6435e94d7387ace4f6e73d') in 0.001312 seconds 
========================================================================
Received Prepare
Registering precompiled user dll's ...
Registered in 0.002119 seconds.
Begin MonoManager ReloadAssembly
Symbol file LoadedFromMemory doesn't match image /Users/valkhymenko/Desktop/Projects/PatronProject/PatronProject/Library/PackageCache/com.unity.visualscripting@1.7.8/Editor/VisualScripting.Core/Dependencies/YamlDotNet/Unity.VisualScripting.YamlDotNet.dll
Symbol file LoadedFromMemory doesn't match image /Users/valkhymenko/Desktop/Projects/PatronProject/PatronProject/Library/PackageCache/com.unity.visualscripting@1.7.8/Editor/VisualScripting.Core/Dependencies/DotNetZip/Unity.VisualScripting.IonicZip.dll
Native extension for Android target not found
Native extension for OSXStandalone target not found
Refreshing native plugins compatible for Editor in 1.55 ms, found 2 plugins.
Preloading 0 native plugins for Editor in 0.00 ms.
Mono: successfully reloaded assembly
- Completed reload, in  3.102 seconds
Domain Reload Profiling:
	ReloadAssembly (3103ms)
		BeginReloadAssembly (415ms)
			ExecutionOrderSort (0ms)
			DisableScriptedObjects (45ms)
			BackupInstance (0ms)
			ReleaseScriptingObjects (0ms)
			CreateAndSetChildDomain (140ms)
		EndReloadAssembly (2392ms)
			LoadAssemblies (200ms)
			RebuildTransferFunctionScriptingTraits (0ms)
			SetupTypeCache (426ms)
			ReleaseScriptCaches (2ms)
			RebuildScriptCaches (59ms)
			SetupLoadedEditorAssemblies (1530ms)
				LogAssemblyErrors (0ms)
				InitializePlatformSupportModulesInManaged (77ms)
				SetLoadedEditorAssemblies (2ms)
				RefreshPlugins (2ms)
				BeforeProcessingInitializeOnLoad (156ms)
				ProcessInitializeOnLoadAttributes (1141ms)
				ProcessInitializeOnLoadMethodAttributes (152ms)
				AfterProcessingInitializeOnLoad (1ms)
				EditorAssembliesLoaded (1ms)
			ExecutionOrderSort2 (0ms)
			AwakeInstancesAfterBackupRestoration (13ms)
Platform modules already initialized, skipping
Shader 'MoreMountains/MMRipple': fallback shader 'Particle/AlphaBlended' not found
Refreshing native plugins compatible for Editor in 2.21 ms, found 2 plugins.
Preloading 0 native plugins for Editor in 0.00 ms.
Unloading 4789 Unused Serialized files (Serialized files now loaded: 0)
Unloading 34 unused Assets / (1.4 MB). Loaded Objects now: 5321.
Memory consumption went from 399.5 MB to 398.2 MB.
Total: 3.511750 ms (FindLiveObjects: 0.272541 ms CreateObjectMapping: 0.129667 ms MarkObjects: 2.837250 ms  DeleteObjects: 0.271000 ms)

AssetImportParameters requested are different than current active one (requested -> active):
  custom:video-decoder-ogg-theora: a1e56fd34408186e4bbccfd4996cb3dc -> 
  custom:container-muxer-webm: aa71ff27fc2769a1b78a27578f13a17b -> 
  custom:container-demuxer-webm: 4f35f7cbe854078d1ac9338744f61a02 -> 
  custom:video-encoder-webm-vp8: eb34c28f22e8b96e1ab97ce403110664 -> 
  custom:framework-osx-AVFoundation: e770b220cccbd017edd2c1fefb359320 -> 
  custom:audio-encoder-webm-vorbis: bf7c407c2cedff20999df2af8eb42d56 -> 
  custom:container-demuxer-ogg: 62fdf1f143b41e24485cea50d1cbac27 -> 
  custom:video-decoder-webm-vp8: 9c59270c3fd7afecdb556c50c9e8de78 -> 
  custom:audio-decoder-ogg-vorbis: bf7c407c2cedff20999df2af8eb42d56 -> 
========================================================================
Received Import Request.
  Time since last request: 112.370349 seconds.
  path: Assets/polyperfect/Low Poly Ultimate Pack/M/- Prefabs_M/Survival_M/battery-9v.prefab
  artifactKey: Guid(87465934f7da5465489d8a1c53ad8821) Importer(815301076,1909f56bfc062723c751e8b465ee728b)
Start importing Assets/polyperfect/Low Poly Ultimate Pack/M/- Prefabs_M/Survival_M/battery-9v.prefab using Guid(87465934f7da5465489d8a1c53ad8821) Importer(815301076,1909f56bfc062723c751e8b465ee728b)  -> (artifact id: '8d161193f49ce3f93f76600c3d6d5766') in 0.571208 seconds 
========================================================================
Received Import Request.
  Time since last request: 15.962645 seconds.
  path: Assets/polyperfect/Low Poly Ultimate Pack/M/- Meshes_M/Survival_M/bag.fbx
  artifactKey: Guid(9014f264f6b05437a99b4d644439b8c9) Importer(815301076,1909f56bfc062723c751e8b465ee728b)
Start importing Assets/polyperfect/Low Poly Ultimate Pack/M/- Meshes_M/Survival_M/bag.fbx using Guid(9014f264f6b05437a99b4d644439b8c9) Importer(815301076,1909f56bfc062723c751e8b465ee728b)  -> (artifact id: 'fda3c245fa5228bcb12295829b3c9408') in 0.546452 seconds 
========================================================================
Received Import Request.
  Time since last request: 12.085457 seconds.
  path: Assets/polyperfect/Low Poly Ultimate Pack/M/- Meshes_M/Survival_M/bag.fbx
  artifactKey: Guid(9014f264f6b05437a99b4d644439b8c9) Importer(815301076,1909f56bfc062723c751e8b465ee728b)
Start importing Assets/polyperfect/Low Poly Ultimate Pack/M/- Meshes_M/Survival_M/bag.fbx using Guid(9014f264f6b05437a99b4d644439b8c9) Importer(815301076,1909f56bfc062723c751e8b465ee728b)  -> (artifact id: '9b4cd24b6f74068711c01ee823eb02f9') in 0.018814 seconds 
========================================================================
Received Import Request.
  Time since last request: 4.875329 seconds.
  path: Assets/polyperfect/Low Poly Ultimate Pack/M/- Meshes_M/Survival_M/bag.fbx
  artifactKey: Guid(9014f264f6b05437a99b4d644439b8c9) Importer(815301076,1909f56bfc062723c751e8b465ee728b)
Start importing Assets/polyperfect/Low Poly Ultimate Pack/M/- Meshes_M/Survival_M/bag.fbx using Guid(9014f264f6b05437a99b4d644439b8c9) Importer(815301076,1909f56bfc062723c751e8b465ee728b)  -> (artifact id: '4391c7d237de1697781fca4210ecac1d') in 0.014014 seconds 
========================================================================
Received Import Request.
  Time since last request: 198.379531 seconds.
  path: Assets/TopDownEngine/ThirdParty/MoreMountains/MMFeedbacks
  artifactKey: Guid(1bb1289642ba7914892b3ff456c74045) Importer(815301076,1909f56bfc062723c751e8b465ee728b)
Start importing Assets/TopDownEngine/ThirdParty/MoreMountains/MMFeedbacks using Guid(1bb1289642ba7914892b3ff456c74045) Importer(815301076,1909f56bfc062723c751e8b465ee728b)  -> (artifact id: 'cc377c81df90533bafc742d82c6a9962') in 0.005236 seconds 
========================================================================
Received Import Request.
  Time since last request: 1.881318 seconds.
  path: Assets/TopDownEngine/ThirdParty/MoreMountains/InventoryEngine
  artifactKey: Guid(45ce0437b3470844386aad5f48c2dce4) Importer(815301076,1909f56bfc062723c751e8b465ee728b)
Start importing Assets/TopDownEngine/ThirdParty/MoreMountains/InventoryEngine using Guid(45ce0437b3470844386aad5f48c2dce4) Importer(815301076,1909f56bfc062723c751e8b465ee728b)  -> (artifact id: '551d9ff23d40d0d84e00469bf58a3990') in 0.001542 seconds 
========================================================================
Received Import Request.
  Time since last request: 0.884187 seconds.
  path: Assets/TopDownEngine/ThirdParty/MoreMountains/InventoryEngine/InventoryEngine
  artifactKey: Guid(2b4443d6b182fe8409447b927b7e65bc) Importer(815301076,1909f56bfc062723c751e8b465ee728b)
Start importing Assets/TopDownEngine/ThirdParty/MoreMountains/InventoryEngine/InventoryEngine using Guid(2b4443d6b182fe8409447b927b7e65bc) Importer(815301076,1909f56bfc062723c751e8b465ee728b)  -> (artifact id: '6302dee9746d9bb760f34eb5340cccb6') in 0.001325 seconds 
========================================================================
Received Import Request.
  Time since last request: 11.712037 seconds.
  path: Assets/TopDownEngine/Demos/Tanks/Tanks.unity
  artifactKey: Guid(b2c3deca14b3c0645bb90e29059dd328) Importer(815301076,1909f56bfc062723c751e8b465ee728b)
Start importing Assets/TopDownEngine/Demos/Tanks/Tanks.unity using Guid(b2c3deca14b3c0645bb90e29059dd328) Importer(815301076,1909f56bfc062723c751e8b465ee728b)  -> (artifact id: 'abb192cf95a3b8d2998f2adabed3dff9') in 0.001768 seconds 
AssetImportWorkerClient::OnTransportError - code=2 error=End of file
